<?xml version="1.0" encoding="UTF-8"?>
<testng-results ignored="0" total="2" passed="2" failed="0" skipped="0">
  <reporter-output>
  </reporter-output>
  <suite started-at="2019-09-27T20:24:12 IST" name="Default suite" finished-at="2019-09-27T20:24:13 IST" duration-ms="96">
    <groups>
    </groups>
    <test started-at="2019-09-27T20:24:12 IST" name="Default test" finished-at="2019-09-27T20:24:13 IST" duration-ms="96">
      <class name="FirstTestPackage.NewTest">
        <test-method is-config="true" signature="launchBrowser()[pri:0, instance:FirstTestPackage.NewTest@2cbb3d47]" started-at="2019-09-27T20:24:12 IST" name="launchBrowser" finished-at="2019-09-27T20:24:12 IST" duration-ms="27" status="PASS">
          <reporter-output>
          </reporter-output>
        </test-method> <!-- launchBrowser -->
        <test-method signature="VerifyHome()[pri:0, instance:FirstTestPackage.NewTest@2cbb3d47]" started-at="2019-09-27T20:24:12 IST" name="VerifyHome" finished-at="2019-09-27T20:24:12 IST" duration-ms="11" status="PASS">
          <reporter-output>
          </reporter-output>
        </test-method> <!-- VerifyHome -->
        <test-method signature="method2()[pri:0, instance:FirstTestPackage.NewTest@2cbb3d47]" started-at="2019-09-27T20:24:13 IST" name="method2" finished-at="2019-09-27T20:24:13 IST" duration-ms="3" status="PASS">
          <reporter-output>
          </reporter-output>
        </test-method> <!-- method2 -->
        <test-method is-config="true" signature="CloseBrowser()[pri:0, instance:FirstTestPackage.NewTest@2cbb3d47]" started-at="2019-09-27T20:24:13 IST" name="CloseBrowser" finished-at="2019-09-27T20:24:13 IST" duration-ms="0" status="PASS">
          <reporter-output>
          </reporter-output>
        </test-method> <!-- CloseBrowser -->
      </class> <!-- FirstTestPackage.NewTest -->
    </test> <!-- Default test -->
  </suite> <!-- Default suite -->
</testng-results>
